<?xml version="1.0" encoding="UTF-8"?>
<testng-results skipped="0" failed="0" ignored="0" total="1" passed="1">
  <reporter-output>
  </reporter-output>
  <suite name="Default suite" duration-ms="12003" started-at="2019-02-12T15:50:46Z" finished-at="2019-02-12T15:50:58Z">
    <groups>
    </groups>
    <test name="Default test" duration-ms="12003" started-at="2019-02-12T15:50:46Z" finished-at="2019-02-12T15:50:58Z">
      <class name="com.google.homePage.GoogleHome">
        <test-method status="PASS" signature="Homepage()[pri:0, instance:com.google.homePage.GoogleHome@1933fd1]" name="Homepage" duration-ms="11951" started-at="2019-02-12T21:20:46Z" finished-at="2019-02-12T21:20:58Z">
          <reporter-output>
          </reporter-output>
        </test-method> <!-- Homepage -->
      </class> <!-- com.google.homePage.GoogleHome -->
    </test> <!-- Default test -->
  </suite> <!-- Default suite -->
</testng-results>
